<?xml version="1.0" encoding="UTF-8"?>
<!-- Generated by org.testng.reporters.JUnitXMLReporter -->
<testsuite hostname="DESKTOP-FQKS7KJ" ignored="0" name="Web tests" tests="6" failures="0" timestamp="06 Nov 2020 23:53:35 GMT" time="58.764" errors="0">
  <testcase name="tc01_registerAndLogout" time="9.769" classname="SanityTests.nopCommerceWeb"/>
  <testcase name="tc02_Login" time="3.83" classname="SanityTests.nopCommerceWeb"/>
  <testcase name="tc03_addPC" time="6.687" classname="SanityTests.nopCommerceWeb"/>
  <testcase name="tc04_checkQtyAndProceedToCheckOut" time="1.19" classname="SanityTests.nopCommerceWeb"/>
  <testcase name="tc05_completeCheckout" time="20.933" classname="SanityTests.nopCommerceWeb"/>
  <testcase name="tc06_verifyLogo" time="0.559" classname="SanityTests.nopCommerceWeb"/>
</testsuite> <!-- Web tests -->
